current directory: /home/nitrous/code/mongodb/docs-partners-template/docs-book/.bundle/gems/redcarpet-3.2.3/ext/redcarpet
/usr/local/opt/rbenv/versions/2.3.1/bin/ruby -r ./siteconf20160920-1894-1qdjbhm.rb extconf.rb
creating Makefile

current directory: /home/nitrous/code/mongodb/docs-partners-template/docs-book/.bundle/gems/redcarpet-3.2.3/ext/redcarpet
make "DESTDIR=" clean

current directory: /home/nitrous/code/mongodb/docs-partners-template/docs-book/.bundle/gems/redcarpet-3.2.3/ext/redcarpet
make "DESTDIR="
compiling houdini_html_e.c
compiling houdini_href_e.c
compiling html.c
html.c: In function ‘rndr_header’:
html.c:290:3: warning: passing argument 1 of ‘header_anchor’ discards ‘const’ qualifier from pointer target type [enabled by default]
   bufprintf(ob, "<h%d id=\"%s\">", level, header_anchor(text));
   ^
html.c:268:7: note: expected ‘struct buf *’ but argument is of type ‘const struct buf *’
 char *header_anchor(struct buf *text)
       ^
html.c: In function ‘toc_header’:
html.c:638:3: warning: passing argument 1 of ‘header_anchor’ discards ‘const’ qualifier from pointer target type [enabled by default]
   bufprintf(ob, "<a href=\"#%s\">", header_anchor(text));
   ^
html.c:268:7: note: expected ‘struct buf *’ but argument is of type ‘const struct buf *’
 char *header_anchor(struct buf *text)
       ^
compiling rc_render.c
rc_render.c: In function ‘rndr_link_attributes’:
rc_render.c:281:28: warning: variable ‘rndr’ set but not used [-Wunused-but-set-variable]
  struct rb_redcarpet_rndr *rndr;
                            ^
compiling autolink.c
compiling rc_markdown.c
compiling markdown.c
markdown.c: In function ‘char_link’:
markdown.c:1043:3: warning: ISO C90 forbids mixed declarations and code [-Wdeclaration-after-statement]
   struct buf id = { 0, 0, 0, 0 };
   ^
markdown.c:1083:3: warning: ISO C90 forbids mixed declarations and code [-Wdeclaration-after-statement]
   size_t nb_p = 0;
   ^
markdown.c: In function ‘sd_markdown_render’:
markdown.c:2815:2: warning: ISO C90 forbids mixed declarations and code [-Wdeclaration-after-statement]
  int footnotes_enabled = md->ext_flags & MKDEXT_FOOTNOTES;
  ^
markdown.c: At top level:
markdown.c:90:15: warning: ‘char_underline’ declared ‘static’ but never defined [-Wunused-function]
 static size_t char_underline(struct buf *ob, struct sd_markdown *rndr, uint8_t *data, size_t offset, size_t size);
               ^
markdown.c:91:15: warning: ‘char_highlight’ declared ‘static’ but never defined [-Wunused-function]
 static size_t char_highlight(struct buf *ob, struct sd_markdown *rndr, uint8_t *data, size_t offset, size_t size);
               ^
compiling html_smartypants.c
html_smartypants.c: In function ‘squote_len’:
html_smartypants.c:92:2: warning: initialization discards ‘const’ qualifier from pointer target type [enabled by default]
  static char* single_quote_list[] = { "'", "&#39;", "&#x27;", "&apos;", NULL };
  ^
html_smartypants.c:92:2: warning: initialization discards ‘const’ qualifier from pointer target type [enabled by default]
html_smartypants.c:92:2: warning: initialization discards ‘const’ qualifier from pointer target type [enabled by default]
html_smartypants.c:92:2: warning: initialization discards ‘const’ qualifier from pointer target type [enabled by default]
html_smartypants.c: In function ‘smartypants_squote’:
html_smartypants.c:137:30: warning: comparison between signed and unsigned integer expressions [-Wsign-compare]
    uint8_t next_char = (size > 1+next_squote_len) ? text[1+next_squote_len] : 0;
                              ^
html_smartypants.c: In function ‘smartypants_cb__amp’:
html_smartypants.c:238:2: warning: ISO C90 forbids mixed declarations and code [-Wdeclaration-after-statement]
  int len = squote_len(text, size);
  ^
compiling buffer.c
compiling stack.c
linking shared-object redcarpet.so

current directory: /home/nitrous/code/mongodb/docs-partners-template/docs-book/.bundle/gems/redcarpet-3.2.3/ext/redcarpet
make "DESTDIR=" install
/usr/bin/install -c -m 0755 redcarpet.so ./.gem.20160920-1894-su5u8
